2015-10-29_02:13:16 [INFORMATION] CommandManager Create User as ID: a NAME: a PHONE: a EMAIL: a. by a
2015-10-29_02:13:20 [INFORMATION] CommandManager Create User as ID: q NAME: q PHONE: q EMAIL: q. by q
2015-10-29_02:13:22 [INFORMATION] CommandManager No Such user found. by q
2015-10-29_02:13:33 [INFORMATION] CommandManager Follow a. by q
2015-10-29_02:13:35 [INFORMATION] CommandManager Show messages between q and a. by q
2015-10-29_02:13:37 [INFORMATION] CommandManager Number of args error. by q
2015-10-29_02:13:39 [INFORMATION] CommandManager Number of args error. by q
2015-10-29_02:13:58 [INFORMATION] CommandManager Send message "hey_unko" to a from q. by q
2015-10-29_02:14:01 [INFORMATION] CommandManager Show messages between q and a. by q
2015-10-29_02:14:04 [INFORMATION] CommandManager Number of args error. by q
2015-10-29_02:14:10 [INFORMATION] CommandManager Checkout to a. by a
2015-10-29_02:14:13 [INFORMATION] CommandManager No Such user found. by a
2015-10-29_02:14:16 [INFORMATION] CommandManager Show messages between a and q. by a
2015-10-29_02:14:23 [INFORMATION] CommandManager Checkout to q. by q
2015-10-29_02:14:26 [INFORMATION] CommandManager Show messages between q and a. by q
2015-10-29_02:14:34 [INFORMATION] CommandManager Show friend list of q. by q
2015-10-29_02:14:37 [INFORMATION] CommandManager Show all users. by q
2015-10-29_02:14:44 [INFORMATION] CommandManager Checkout to a. by a
2015-10-29_02:14:46 [INFORMATION] CommandManager Show all users. by a
2015-10-29_02:14:49 [INFORMATION] CommandManager Show friend list of a. by a
2015-10-29_02:15:04 [INFORMATION] CommandManager Call Help. by a
2015-10-29_02:15:27 [INFORMATION] CommandManager Call undefined command as suzu. by a
2015-10-29_02:15:34 [INFORMATION] CommandManager Finish. by a
